#
# A fatal error has been detected by the Java Runtime Environment:
#
#  EXCEPTION_ACCESS_VIOLATION (0xc0000005) at pc=0x0000000069518225, pid=2352, tid=7644
#
# JRE version: Java(TM) SE Runtime Environment (8.0_40-b25) (build 1.8.0_40-b25)
# Java VM: Java HotSpot(TM) 64-Bit Server VM (25.40-b25 mixed mode windows-amd64 compressed oops)
# Problematic frame:
# V  [jvm.dll+0x128225]
#
# Failed to write core dump. Minidumps are not enabled by default on client versions of Windows
#
# If you would like to submit a bug report, please visit:
#   http://bugreport.java.com/bugreport/crash.jsp
#

---------------  T H R E A D  ---------------

Current thread (0x00000000147a7000):  JavaThread "JDWP Transport Listener: dt_socket" daemon [_thread_in_vm, id=7644, stack(0x0000000015fd0000,0x00000000160d0000)]

siginfo: ExceptionCode=0xc0000005, reading address 0x000000000000005a

Registers:
RAX=0x00000000160cf601, RBX=0x00000000147a7000, RCX=0x000000000000005a, RDX=0x0000000000000000
RSP=0x00000000160cf610, RBP=0x000000000000005a, RSI=0x00000000160cf728, RDI=0x0000000001ee9870
R8 =0x00000000147a7000, R9 =0x0000000000008000, R10=0x0000000000000000, R11=0x000000001674ed6e
R12=0x0000000000000000, R13=0x00000000147b1d08, R14=0x0000000000000000, R15=0x0000000000000000
RIP=0x0000000069518225, EFLAGS=0x0000000000010206

Top of Stack: (sp=0x00000000160cf610)
0x00000000160cf610:   0000000000000003 0000000016623bd0
0x00000000160cf620:   00000000160cf7f0 000000006971c6db
0x00000000160cf630:   00000000147a7000 0000000069738f3d
0x00000000160cf640:   0000000000000000 0000000069ef9155
0x00000000160cf650:   0000000016632c60 0000000069f0291e
0x00000000160cf660:   00000000147a7000 0000000000000000
0x00000000160cf670:   0000000000000000 0000000000000000
0x00000000160cf680:   000000000000005a 0000000069f01a15
0x00000000160cf690:   00000000160cf728 00000000160cf700
0x00000000160cf6a0:   0000000000000001 0000000016632c60
0x00000000160cf6b0:   000000000000005a 0000000069ee53b3
0x00000000160cf6c0:   00000000160cf7f0 0000000000000001
0x00000000160cf6d0:   0000000000000001 0000000016632c60
0x00000000160cf6e0:   000000000000000a 0000000000000000
0x00000000160cf6f0:   0000000000000000 0000000000000000
0x00000000160cf700:   0000000000000001 0000000069ee5571 

Instructions: (pc=0x0000000069518225)
0x0000000069518205:   cc cc cc cc cc cc cc cc cc cc cc 48 83 ec 28 48
0x0000000069518215:   85 c9 75 07 33 c0 48 83 c4 28 c3 48 89 5c 24 20
0x0000000069518225:   48 8b 19 48 85 db 74 20 48 83 fb 37 74 1a 48 8b
0x0000000069518235:   13 48 8b cb ff 52 10 84 c0 74 0d 48 8b c3 48 8b 


Register to memory mapping:

RAX=0x00000000160cf601 is pointing into the stack for thread: 0x00000000147a7000
RBX=0x00000000147a7000 is a thread
RCX=0x000000000000005a is an unknown value
RDX=0x0000000000000000 is an unknown value
RSP=0x00000000160cf610 is pointing into the stack for thread: 0x00000000147a7000
RBP=0x000000000000005a is an unknown value
RSI=0x00000000160cf728 is pointing into the stack for thread: 0x00000000147a7000
RDI=0x0000000001ee9870 is an unknown value
R8 =0x00000000147a7000 is a thread
R9 =0x0000000000008000 is an unknown value
R10=0x0000000000000000 is an unknown value
R11=0x000000001674ed6e is an unknown value
R12=0x0000000000000000 is an unknown value
R13=0x00000000147b1d08 is an unknown value
R14=0x0000000000000000 is an unknown value
R15=0x0000000000000000 is an unknown value


Stack: [0x0000000015fd0000,0x00000000160d0000],  sp=0x00000000160cf610,  free space=1021k
Native frames: (J=compiled Java code, j=interpreted, Vv=VM code, C=native code)
V  [jvm.dll+0x128225]
V  [jvm.dll+0x348f3d]
C  [jdwp.dll+0x21a15]
C  [jdwp.dll+0x53b3]
C  [jdwp.dll+0x5571]
C  [jdwp.dll+0xf0a8]
C  [jdwp.dll+0x1f2d5]
C  [jdwp.dll+0x1f4aa]
V  [jvm.dll+0x1bad48]
V  [jvm.dll+0x241914]
V  [jvm.dll+0x29848a]
C  [msvcr100.dll+0x21d9f]
C  [msvcr100.dll+0x21e3b]
C  [KERNEL32.DLL+0x13d2]
C  [ntdll.dll+0x15444]


---------------  P R O C E S S  ---------------

Java Threads: ( => current thread )
  0x000000001661d800 JavaThread "Service Thread" daemon [_thread_blocked, id=9500, stack(0x00000000169d0000,0x0000000016ad0000)]
  0x00000000147cd800 JavaThread "C1 CompilerThread2" daemon [_thread_blocked, id=4816, stack(0x00000000164d0000,0x00000000165d0000)]
  0x00000000147c8000 JavaThread "C2 CompilerThread1" daemon [_thread_blocked, id=4672, stack(0x00000000163d0000,0x00000000164d0000)]
  0x00000000147c7000 JavaThread "C2 CompilerThread0" daemon [_thread_blocked, id=6124, stack(0x00000000162d0000,0x00000000163d0000)]
  0x00000000147b9000 JavaThread "JDWP Command Reader" daemon [_thread_in_native, id=4320, stack(0x00000000161d0000,0x00000000162d0000)]
  0x00000000147b7800 JavaThread "JDWP Event Helper Thread" daemon [_thread_blocked, id=4688, stack(0x00000000160d0000,0x00000000161d0000)]
=>0x00000000147a7000 JavaThread "JDWP Transport Listener: dt_socket" daemon [_thread_in_vm, id=7644, stack(0x0000000015fd0000,0x00000000160d0000)]
  0x000000001479d000 JavaThread "Attach Listener" daemon [_thread_blocked, id=7916, stack(0x0000000015bf0000,0x0000000015cf0000)]
  0x000000001479b800 JavaThread "Signal Dispatcher" daemon [_thread_blocked, id=4152, stack(0x0000000015af0000,0x0000000015bf0000)]
  0x00000000021b8800 JavaThread "Finalizer" daemon [_thread_blocked, id=5772, stack(0x00000000159f0000,0x0000000015af0000)]
  0x0000000014769800 JavaThread "Reference Handler" daemon [_thread_blocked, id=3460, stack(0x00000000158f0000,0x00000000159f0000)]
  0x0000000001eee800 JavaThread "main" [_thread_in_native, id=904, stack(0x0000000001fc0000,0x00000000020c0000)]

Other Threads:
  0x0000000014767000 VMThread [stack: 0x00000000157f0000,0x00000000158f0000] [id=4504]
  0x0000000016620800 WatcherThread [stack: 0x0000000016ad0000,0x0000000016bd0000] [id=9312]

VM state:not at safepoint (normal execution)

VM Mutex/Monitor currently owned by a thread: None

Heap:
 PSYoungGen      total 18944K, used 2960K [0x00000000eb380000, 0x00000000ec880000, 0x0000000100000000)
  eden space 16384K, 18% used [0x00000000eb380000,0x00000000eb6640f0,0x00000000ec380000)
  from space 2560K, 0% used [0x00000000ec600000,0x00000000ec600000,0x00000000ec880000)
  to   space 2560K, 0% used [0x00000000ec380000,0x00000000ec380000,0x00000000ec600000)
 ParOldGen       total 44032K, used 0K [0x00000000c1a00000, 0x00000000c4500000, 0x00000000eb380000)
  object space 44032K, 0% used [0x00000000c1a00000,0x00000000c1a00000,0x00000000c4500000)
 Metaspace       used 4607K, capacity 4942K, committed 5248K, reserved 1056768K
  class space    used 507K, capacity 537K, committed 640K, reserved 1048576K

Card table byte_map: [0x0000000011580000,0x0000000011780000] byte_map_base: 0x0000000010f73000

Marking Bits: (ParMarkBitMap*) 0x0000000069bf4040
 Begin Bits: [0x0000000011cd0000, 0x0000000012c68000)
 End Bits:   [0x0000000012c68000, 0x0000000013c00000)

Polling page: 0x0000000001ef0000

CodeCache: size=245760Kb used=1329Kb max_used=1329Kb free=244431Kb
 bounds [0x00000000021c0000, 0x0000000002430000, 0x00000000111c0000]
 total_blobs=416 nmethods=155 adapters=182
 compilation: enabled

Compilation events (10 events):
Event: 32.568 Thread 0x00000000147cd800  149       3       java.util.concurrent.ConcurrentHashMap::setTabAt (19 bytes)
Event: 32.568 Thread 0x00000000147cd800 nmethod 149 0x000000000230b2d0 code [0x000000000230b420, 0x000000000230b590]
Event: 32.572 Thread 0x00000000147cd800  152       3       java.lang.Character::toLowerCase (6 bytes)
Event: 32.573 Thread 0x00000000147cd800 nmethod 152 0x000000000230b610 code [0x000000000230b780, 0x000000000230ba18]
Event: 32.573 Thread 0x00000000147cd800  153       1       java.net.URL::getHost (5 bytes)
Event: 32.573 Thread 0x00000000147cd800 nmethod 153 0x000000000230bb50 code [0x000000000230bca0, 0x000000000230bdb0]
Event: 38.989 Thread 0x00000000147cd800  154       3       java.util.concurrent.ConcurrentHashMap::casTabAt (20 bytes)
Event: 38.989 Thread 0x00000000147cd800 nmethod 154 0x000000000230c210 code [0x000000000230c360, 0x000000000230c4d0]
Event: 3179.042 Thread 0x00000000147cd800  155       3       java.util.concurrent.ConcurrentHashMap::spread (10 bytes)
Event: 3179.043 Thread 0x00000000147cd800 nmethod 155 0x000000000230c750 code [0x000000000230c8a0, 0x000000000230c9f0]

GC Heap History (0 events):
No events

Deoptimization events (0 events):
No events

Internal exceptions (6 events):
Event: 0.037 Thread 0x0000000001eee800 Exception <a 'java/lang/NoSuchMethodError': Method sun.misc.Unsafe.defineClass(Ljava/lang/String;[BII)Ljava/lang/Class; name or signature does not match> (0x00000000eb38d5a0) thrown at [D:\re\workspace\8-2-build-windows-amd64-cygwin\jdk8u40\2855\hotspot\sr€”¡€žò¢?
Event: 0.037 Thread 0x0000000001eee800 Exception <a 'java/lang/NoSuchMethodError': Method sun.misc.Unsafe.prefetchRead(Ljava/lang/Object;J)V name or signature does not match> (0x00000000eb38d830) thrown at [D:\re\workspace\8-2-build-windows-amd64-cygwin\jdk8u40\2855\hotspot\src\share\vm\prims\j'ècÆ†øù?
Event: 1.623 Thread 0x0000000001eee800 Exception <a 'java/security/PrivilegedActionException'> (0x00000000eb605a88) thrown at [D:\re\workspace\8-2-build-windows-amd64-cygwin\jdk8u40\2855\hotspot\src\share\vm\prims\jvm.cpp, line 1382]
Event: 1.623 Thread 0x0000000001eee800 Exception <a 'java/security/PrivilegedActionException'> (0x00000000eb605dd0) thrown at [D:\re\workspace\8-2-build-windows-amd64-cygwin\jdk8u40\2855\hotspot\src\share\vm\prims\jvm.cpp, line 1382]
Event: 1.624 Thread 0x0000000001eee800 Exception <a 'java/security/PrivilegedActionException'> (0x00000000eb609a58) thrown at [D:\re\workspace\8-2-build-windows-amd64-cygwin\jdk8u40\2855\hotspot\src\share\vm\prims\jvm.cpp, line 1382]
Event: 1.624 Thread 0x0000000001eee800 Exception <a 'java/security/PrivilegedActionException'> (0x00000000eb609da0) thrown at [D:\re\workspace\8-2-build-windows-amd64-cygwin\jdk8u40\2855\hotspot\src\share\vm\prims\jvm.cpp, line 1382]

Events (10 events):
Event: 2077.539 Executing VM operation: ChangeBreakpoints
Event: 2077.539 Executing VM operation: ChangeBreakpoints done
Event: 2077.544 Executing VM operation: ChangeBreakpoints
Event: 2077.544 Executing VM operation: ChangeBreakpoints done
Event: 2077.545 Executing VM operation: ChangeBreakpoints
Event: 2077.545 Executing VM operation: ChangeBreakpoints done
Event: 3156.432 Executing VM operation: RedefineClasses
Event: 3156.434 Executing VM operation: RedefineClasses done
Event: 3179.058 Executing VM operation: RedefineClasses
Event: 3179.062 Executing VM operation: RedefineClasses done


Dynamic libraries:
0x00007ff6ae3a0000 - 0x00007ff6ae3d7000 	C:\Program Files\Java\jre1.8.0_40\bin\javaw.exe
0x00007ff939a10000 - 0x00007ff939bbc000 	C:\WINDOWS\SYSTEM32\ntdll.dll
0x00007ff939290000 - 0x00007ff9393ce000 	C:\WINDOWS\system32\KERNEL32.DLL
0x00007ff936d90000 - 0x00007ff936ea5000 	C:\WINDOWS\system32\KERNELBASE.dll
0x00007ff935700000 - 0x00007ff93578e000 	C:\WINDOWS\system32\apphelp.dll
0x00007ff929190000 - 0x00007ff9291e3000 	C:\WINDOWS\AppPatch\AppPatch64\AcGenral.DLL
0x00007ff937150000 - 0x00007ff9371fa000 	C:\WINDOWS\system32\msvcrt.dll
0x00007ff936990000 - 0x00007ff9369be000 	C:\WINDOWS\SYSTEM32\SspiCli.dll
0x00007ff9372c0000 - 0x00007ff937314000 	C:\WINDOWS\system32\SHLWAPI.dll
0x00007ff937350000 - 0x00007ff9374c7000 	C:\WINDOWS\system32\USER32.dll
0x00007ff939870000 - 0x00007ff939a04000 	C:\WINDOWS\system32\ole32.dll
0x00007ff9379a0000 - 0x00007ff938eb8000 	C:\WINDOWS\system32\SHELL32.dll
0x00007ff936100000 - 0x00007ff936121000 	C:\WINDOWS\SYSTEM32\USERENV.dll
0x00007ff9393d0000 - 0x00007ff93947a000 	C:\WINDOWS\system32\ADVAPI32.dll
0x00007ff928b10000 - 0x00007ff928b2e000 	C:\WINDOWS\SYSTEM32\MPR.dll
0x00007ff937850000 - 0x00007ff937991000 	C:\WINDOWS\system32\RPCRT4.dll
0x00007ff938f20000 - 0x00007ff938f79000 	C:\WINDOWS\SYSTEM32\sechost.dll
0x00007ff937630000 - 0x00007ff937841000 	C:\WINDOWS\SYSTEM32\combase.dll
0x00007ff939560000 - 0x00007ff9396b1000 	C:\WINDOWS\system32\GDI32.dll
0x00007ff936b60000 - 0x00007ff936b75000 	C:\WINDOWS\SYSTEM32\profapi.dll
0x00007ff934ea0000 - 0x00007ff934f52000 	C:\WINDOWS\SYSTEM32\SHCORE.dll
0x00007ff938f80000 - 0x00007ff938fb6000 	C:\WINDOWS\system32\IMM32.DLL
0x00007ff9374d0000 - 0x00007ff937622000 	C:\WINDOWS\system32\MSCTF.dll
0x00007ff934630000 - 0x00007ff9348ab000 	C:\WINDOWS\WinSxS\amd64_microsoft.windows.common-controls_6595b64144ccf1df_6.0.9600.17784_none_624760d1ecb7236e\COMCTL32.dll
0x0000000069f20000 - 0x0000000069ff2000 	C:\Program Files\Java\jre1.8.0_40\bin\msvcr100.dll
0x00000000693f0000 - 0x0000000069c73000 	C:\Program Files\Java\jre1.8.0_40\bin\server\jvm.dll
0x00007ff928fc0000 - 0x00007ff928fc9000 	C:\WINDOWS\SYSTEM32\WSOCK32.dll
0x00007ff92b5a0000 - 0x00007ff92b5c2000 	C:\WINDOWS\SYSTEM32\WINMM.dll
0x00007ff930030000 - 0x00007ff93003a000 	C:\WINDOWS\SYSTEM32\VERSION.dll
0x00007ff939550000 - 0x00007ff939557000 	C:\WINDOWS\system32\PSAPI.DLL
0x00007ff938ec0000 - 0x00007ff938f1a000 	C:\WINDOWS\system32\WS2_32.dll
0x00007ff92b140000 - 0x00007ff92b16a000 	C:\WINDOWS\SYSTEM32\WINMMBASE.dll
0x00007ff937340000 - 0x00007ff937349000 	C:\WINDOWS\system32\NSI.dll
0x00007ff936c30000 - 0x00007ff936c7f000 	C:\WINDOWS\SYSTEM32\cfgmgr32.dll
0x00007ff935970000 - 0x00007ff935998000 	C:\WINDOWS\SYSTEM32\DEVOBJ.dll
0x000000006a0f0000 - 0x000000006a0ff000 	C:\Program Files\Java\jre1.8.0_40\bin\verify.dll
0x000000006a0c0000 - 0x000000006a0e9000 	C:\Program Files\Java\jre1.8.0_40\bin\java.dll
0x0000000069ee0000 - 0x0000000069f15000 	C:\Program Files\Java\jre1.8.0_40\bin\jdwp.dll
0x0000000069ed0000 - 0x0000000069ed8000 	C:\Program Files\Java\jre1.8.0_40\bin\npt.dll
0x000000006a0a0000 - 0x000000006a0b6000 	C:\Program Files\Java\jre1.8.0_40\bin\zip.dll
0x0000000069ec0000 - 0x0000000069ec9000 	C:\Program Files\Java\jre1.8.0_40\bin\dt_socket.dll
0x00007ff92a2c0000 - 0x00007ff92a2d5000 	C:\WINDOWS\system32\napinsp.dll
0x00007ff92a2e0000 - 0x00007ff92a2fa000 	C:\WINDOWS\system32\pnrpnsp.dll
0x00007ff932540000 - 0x00007ff93255b000 	C:\WINDOWS\system32\NLAapi.dll
0x00007ff936330000 - 0x00007ff936389000 	C:\WINDOWS\System32\mswsock.dll
0x00007ff936130000 - 0x00007ff9361d4000 	C:\WINDOWS\SYSTEM32\DNSAPI.dll
0x00007ff92a300000 - 0x00007ff92a30d000 	C:\WINDOWS\System32\winrnr.dll
0x00007ff92a310000 - 0x00007ff92a324000 	C:\WINDOWS\system32\wshbth.dll
0x00007ff931800000 - 0x00007ff93186b000 	C:\WINDOWS\System32\fwpuclnt.dll
0x00007ff92a9b0000 - 0x00007ff92a9ba000 	C:\Windows\System32\rasadhlp.dll
0x00007ff92f670000 - 0x00007ff92f7f9000 	C:\WINDOWS\SYSTEM32\dbghelp.dll

VM Arguments:
jvm_args: -agentlib:jdwp=transport=dt_socket,suspend=y,address=localhost:58470 -Dfile.encoding=Cp1252 
java_command: Usuario.Usuario
java_class_path (initial): C:\Users\Ramirez Gonçalves\Documents\GitHub\LTP3\AUTOINSTRUCIONAL\bin;C:\Users\Ramirez Gonçalves\Documents\FUMEC\LTP3\LISTAS_LTP3\src\LtpUtil.jar
Launcher Type: SUN_STANDARD

Environment Variables:
CLASSPATH=.;C:\Program Files (x86)\QuickTime\QTSystem\QTJava.zip
PATH=C:/Program Files/Java/jre1.8.0_40/bin/server;C:/Program Files/Java/jre1.8.0_40/bin;C:/Program Files/Java/jre1.8.0_40/lib/amd64;C:\ProgramData\Oracle\Java\javapath;C:\Program Files (x86)\Intel\iCLS Client\;C:\Program Files\Intel\iCLS Client\;C:\WINDOWS\system32;C:\WINDOWS;C:\WINDOWS\System32\Wbem;C:\WINDOWS\System32\WindowsPowerShell\v1.0\;C:\Program Files\Intel\Intel(R) Management Engine Components\DAL;C:\Program Files\Intel\Intel(R) Management Engine Components\IPT;C:\Program Files (x86)\Intel\Intel(R) Management Engine Components\DAL;C:\Program Files (x86)\Intel\Intel(R) Management Engine Components\IPT;C:\Program Files (x86)\Skype\Phone\;c:\Program Files (x86)\Microsoft SQL Server\100\Tools\Binn\;c:\Program Files\Microsoft SQL Server\100\Tools\Binn\;c:\Program Files\Microsoft SQL Server\100\DTS\Binn\;C:\Program Files (x86)\QuickTime\QTSystem\;C:\Program Files (x86)\eclipse;
USERNAME=Ramirez Gonçalves
OS=Windows_NT
PROCESSOR_IDENTIFIER=Intel64 Family 6 Model 69 Stepping 1, GenuineIntel



---------------  S Y S T E M  ---------------

OS: Windows 8.1 , 64 bit Build 9600 (6.3.9600.17415)

CPU:total 4 (2 cores per cpu, 2 threads per core) family 6 model 69 stepping 1, cmov, cx8, fxsr, mmx, sse, sse2, sse3, ssse3, sse4.1, sse4.2, popcnt, avx, avx2, aes, clmul, erms, lzcnt, ht, tsc, tscinvbit, bmi1, bmi2

Memory: 4k page, physical 4083992k(1640276k free), swap 5895436k(1334316k free)

vm_info: Java HotSpot(TM) 64-Bit Server VM (25.40-b25) for windows-amd64 JRE (1.8.0_40-b25), built on Feb 10 2015 21:53:57 by "java_re" with MS VC++ 10.0 (VS2010)

time: Wed May 20 20:45:40 2015
elapsed time: 3179 seconds (0d 0h 52m 59s)

