#
# A fatal error has been detected by the Java Runtime Environment:
#
#  EXCEPTION_ACCESS_VIOLATION (0xc0000005) at pc=0x0000000069518225, pid=8444, tid=9528
#
# JRE version: Java(TM) SE Runtime Environment (8.0_40-b25) (build 1.8.0_40-b25)
# Java VM: Java HotSpot(TM) 64-Bit Server VM (25.40-b25 mixed mode windows-amd64 compressed oops)
# Problematic frame:
# V  [jvm.dll+0x128225]
#
# Failed to write core dump. Minidumps are not enabled by default on client versions of Windows
#
# If you would like to submit a bug report, please visit:
#   http://bugreport.java.com/bugreport/crash.jsp
#

---------------  T H R E A D  ---------------

Current thread (0x0000000014b38000):  JavaThread "JDWP Transport Listener: dt_socket" daemon [_thread_in_vm, id=9528, stack(0x00000000163a0000,0x00000000164a0000)]

siginfo: ExceptionCode=0xc0000005, reading address 0x0000000000000050

Registers:
RAX=0x000000001649f201, RBX=0x0000000014b38000, RCX=0x0000000000000050, RDX=0x0000000000000000
RSP=0x000000001649f210, RBP=0x0000000000000050, RSI=0x000000001649f328, RDI=0x0000000002449870
R8 =0x0000000014b38000, R9 =0x0000000000008000, R10=0x0000000000000000, R11=0x0000000014b898de
R12=0x0000000000000000, R13=0x0000000014b42cb8, R14=0x0000000000000000, R15=0x0000000000000000
RIP=0x0000000069518225, EFLAGS=0x0000000000010206

Top of Stack: (sp=0x000000001649f210)
0x000000001649f210:   0000000000000003 0000000016a6d180
0x000000001649f220:   000000001649f3f0 000000006971c6db
0x000000001649f230:   0000000014b38000 0000000069738f3d
0x000000001649f240:   0000000000000000 0000000069ef9155
0x000000001649f250:   00000000169ed4e8 0000000069f0291e
0x000000001649f260:   0000000014b38000 0000000000000000
0x000000001649f270:   0000000000000000 0000000000000000
0x000000001649f280:   0000000000000050 0000000069f01a15
0x000000001649f290:   000000001649f328 000000001649f300
0x000000001649f2a0:   0000000000000001 00000000169ed4e8
0x000000001649f2b0:   0000000000000050 0000000069ee53b3
0x000000001649f2c0:   000000001649f3f0 0000000000000001
0x000000001649f2d0:   0000000000000001 00000000169ed4e8
0x000000001649f2e0:   000000000000000a 0000000000000000
0x000000001649f2f0:   0000000000000000 0000000000000000
0x000000001649f300:   0000000000000001 0000000069ee5571 

Instructions: (pc=0x0000000069518225)
0x0000000069518205:   cc cc cc cc cc cc cc cc cc cc cc 48 83 ec 28 48
0x0000000069518215:   85 c9 75 07 33 c0 48 83 c4 28 c3 48 89 5c 24 20
0x0000000069518225:   48 8b 19 48 85 db 74 20 48 83 fb 37 74 1a 48 8b
0x0000000069518235:   13 48 8b cb ff 52 10 84 c0 74 0d 48 8b c3 48 8b 


Register to memory mapping:

RAX=0x000000001649f201 is pointing into the stack for thread: 0x0000000014b38000
RBX=0x0000000014b38000 is a thread
RCX=0x0000000000000050 is an unknown value
RDX=0x0000000000000000 is an unknown value
RSP=0x000000001649f210 is pointing into the stack for thread: 0x0000000014b38000
RBP=0x0000000000000050 is an unknown value
RSI=0x000000001649f328 is pointing into the stack for thread: 0x0000000014b38000
RDI=0x0000000002449870 is an unknown value
R8 =0x0000000014b38000 is a thread
R9 =0x0000000000008000 is an unknown value
R10=0x0000000000000000 is an unknown value
R11=0x0000000014b898de is an unknown value
R12=0x0000000000000000 is an unknown value
R13=0x0000000014b42cb8 is an unknown value
R14=0x0000000000000000 is an unknown value
R15=0x0000000000000000 is an unknown value


Stack: [0x00000000163a0000,0x00000000164a0000],  sp=0x000000001649f210,  free space=1020k
Native frames: (J=compiled Java code, j=interpreted, Vv=VM code, C=native code)
V  [jvm.dll+0x128225]
V  [jvm.dll+0x348f3d]
C  [jdwp.dll+0x21a15]
C  [jdwp.dll+0x53b3]
C  [jdwp.dll+0x5571]
C  [jdwp.dll+0xf0a8]
C  [jdwp.dll+0x1f2d5]
C  [jdwp.dll+0x1f4aa]
V  [jvm.dll+0x1bad48]
V  [jvm.dll+0x241914]
V  [jvm.dll+0x29848a]
C  [msvcr100.dll+0x21d9f]
C  [msvcr100.dll+0x21e3b]
C  [KERNEL32.DLL+0x13d2]
C  [ntdll.dll+0x15444]


---------------  P R O C E S S  ---------------

Java Threads: ( => current thread )
  0x0000000014b8e800 JavaThread "Service Thread" daemon [_thread_blocked, id=3672, stack(0x0000000016da0000,0x0000000016ea0000)]
  0x0000000014b5b800 JavaThread "C1 CompilerThread2" daemon [_thread_blocked, id=9460, stack(0x00000000168a0000,0x00000000169a0000)]
  0x0000000014b58800 JavaThread "C2 CompilerThread1" daemon [_thread_blocked, id=1460, stack(0x00000000167a0000,0x00000000168a0000)]
  0x0000000014b54800 JavaThread "C2 CompilerThread0" daemon [_thread_blocked, id=7048, stack(0x00000000166a0000,0x00000000167a0000)]
  0x0000000014b49800 JavaThread "JDWP Command Reader" daemon [_thread_in_native, id=1112, stack(0x00000000165a0000,0x00000000166a0000)]
  0x0000000014b48000 JavaThread "JDWP Event Helper Thread" daemon [_thread_blocked, id=4592, stack(0x00000000164a0000,0x00000000165a0000)]
=>0x0000000014b38000 JavaThread "JDWP Transport Listener: dt_socket" daemon [_thread_in_vm, id=9528, stack(0x00000000163a0000,0x00000000164a0000)]
  0x0000000014b2e000 JavaThread "Attach Listener" daemon [_thread_blocked, id=9432, stack(0x0000000015fc0000,0x00000000160c0000)]
  0x0000000014b2d800 JavaThread "Signal Dispatcher" daemon [_thread_blocked, id=4880, stack(0x0000000015ec0000,0x0000000015fc0000)]
  0x000000000254a800 JavaThread "Finalizer" daemon [_thread_blocked, id=4600, stack(0x0000000015dc0000,0x0000000015ec0000)]
  0x0000000002540000 JavaThread "Reference Handler" daemon [_thread_blocked, id=4056, stack(0x0000000015cc0000,0x0000000015dc0000)]
  0x000000000244e800 JavaThread "main" [_thread_in_native, id=8428, stack(0x0000000002290000,0x0000000002390000)]

Other Threads:
  0x0000000014af7000 VMThread [stack: 0x0000000015bc0000,0x0000000015cc0000] [id=3172]
  0x00000000169e9000 WatcherThread [stack: 0x0000000016ea0000,0x0000000016fa0000] [id=9648]

VM state:not at safepoint (normal execution)

VM Mutex/Monitor currently owned by a thread: None

Heap:
 PSYoungGen      total 18944K, used 2624K [0x00000000eb380000, 0x00000000ec880000, 0x0000000100000000)
  eden space 16384K, 16% used [0x00000000eb380000,0x00000000eb610228,0x00000000ec380000)
  from space 2560K, 0% used [0x00000000ec600000,0x00000000ec600000,0x00000000ec880000)
  to   space 2560K, 0% used [0x00000000ec380000,0x00000000ec380000,0x00000000ec600000)
 ParOldGen       total 44032K, used 0K [0x00000000c1a00000, 0x00000000c4500000, 0x00000000eb380000)
  object space 44032K, 0% used [0x00000000c1a00000,0x00000000c1a00000,0x00000000c4500000)
 Metaspace       used 3850K, capacity 4842K, committed 5120K, reserved 1056768K
  class space    used 409K, capacity 441K, committed 512K, reserved 1048576K

Card table byte_map: [0x0000000011910000,0x0000000011b10000] byte_map_base: 0x0000000011303000

Marking Bits: (ParMarkBitMap*) 0x0000000069bf4040
 Begin Bits: [0x0000000012060000, 0x0000000012ff8000)
 End Bits:   [0x0000000012ff8000, 0x0000000013f90000)

Polling page: 0x0000000000900000

CodeCache: size=245760Kb used=1299Kb max_used=1299Kb free=244460Kb
 bounds [0x0000000002550000, 0x00000000027c0000, 0x0000000011550000]
 total_blobs=386 nmethods=131 adapters=176
 compilation: enabled

Compilation events (10 events):
Event: 0.188 Thread 0x0000000014b5b800  127       3       java.util.jar.Attributes$Name::isAlpha (30 bytes)
Event: 0.188 Thread 0x0000000014b5b800 nmethod 127 0x0000000002693250 code [0x00000000026933c0, 0x00000000026935f0]
Event: 0.188 Thread 0x0000000014b5b800  128       1       java.lang.String::length (6 bytes)
Event: 0.188 Thread 0x0000000014b5b800 nmethod 128 0x0000000002693650 code [0x00000000026937a0, 0x00000000026938b0]
Event: 0.188 Thread 0x0000000014b5b800  129       3       java.lang.String::substring (79 bytes)
Event: 0.189 Thread 0x0000000014b5b800 nmethod 129 0x0000000002693950 code [0x0000000002693b20, 0x0000000002694018]
Event: 0.189 Thread 0x0000000014b5b800  130       3       java.util.HashMap::getNode (148 bytes)
Event: 0.189 Thread 0x0000000014b5b800 nmethod 130 0x00000000026942d0 code [0x00000000026944a0, 0x0000000002694e68]
Event: 0.189 Thread 0x0000000014b5b800  131       3       sun.nio.cs.SingleByte$Encoder::encode (32 bytes)
Event: 0.190 Thread 0x0000000014b5b800 nmethod 131 0x0000000002695190 code [0x0000000002695300, 0x0000000002695510]

GC Heap History (0 events):
No events

Deoptimization events (0 events):
No events

Internal exceptions (2 events):
Event: 0.036 Thread 0x000000000244e800 Exception <a 'java/lang/NoSuchMethodError': Method sun.misc.Unsafe.defineClass(Ljava/lang/String;[BII)Ljava/lang/Class; name or signature does not match> (0x00000000eb38d5a0) thrown at [D:\re\workspace\8-2-build-windows-amd64-cygwin\jdk8u40\2855\hotspot\sr‡µã0P¢?
Event: 0.036 Thread 0x000000000244e800 Exception <a 'java/lang/NoSuchMethodError': Method sun.misc.Unsafe.prefetchRead(Ljava/lang/Object;J)V name or signature does not match> (0x00000000eb38d830) thrown at [D:\re\workspace\8-2-build-windows-amd64-cygwin\jdk8u40\2855\hotspot\src\share\vm\prims\j

Events (10 events):
Event: 2133.647 Executing VM operation: ChangeBreakpoints
Event: 2133.647 Executing VM operation: ChangeBreakpoints done
Event: 2133.655 Executing VM operation: ChangeBreakpoints
Event: 2133.656 Executing VM operation: ChangeBreakpoints done
Event: 2133.656 Executing VM operation: ChangeBreakpoints
Event: 2133.656 Executing VM operation: ChangeBreakpoints done
Event: 3212.555 Executing VM operation: RedefineClasses
Event: 3212.556 Executing VM operation: RedefineClasses done
Event: 3234.943 Executing VM operation: RedefineClasses
Event: 3234.944 Executing VM operation: RedefineClasses done


Dynamic libraries:
0x00007ff6ae3a0000 - 0x00007ff6ae3d7000 	C:\Program Files\Java\jre1.8.0_40\bin\javaw.exe
0x00007ff939a10000 - 0x00007ff939bbc000 	C:\WINDOWS\SYSTEM32\ntdll.dll
0x00007ff939290000 - 0x00007ff9393ce000 	C:\WINDOWS\system32\KERNEL32.DLL
0x00007ff936d90000 - 0x00007ff936ea5000 	C:\WINDOWS\system32\KERNELBASE.dll
0x00007ff935700000 - 0x00007ff93578e000 	C:\WINDOWS\system32\apphelp.dll
0x00007ff929190000 - 0x00007ff9291e3000 	C:\WINDOWS\AppPatch\AppPatch64\AcGenral.DLL
0x00007ff937150000 - 0x00007ff9371fa000 	C:\WINDOWS\system32\msvcrt.dll
0x00007ff936990000 - 0x00007ff9369be000 	C:\WINDOWS\SYSTEM32\SspiCli.dll
0x00007ff9372c0000 - 0x00007ff937314000 	C:\WINDOWS\system32\SHLWAPI.dll
0x00007ff937350000 - 0x00007ff9374c7000 	C:\WINDOWS\system32\USER32.dll
0x00007ff939870000 - 0x00007ff939a04000 	C:\WINDOWS\system32\ole32.dll
0x00007ff9379a0000 - 0x00007ff938eb8000 	C:\WINDOWS\system32\SHELL32.dll
0x00007ff936100000 - 0x00007ff936121000 	C:\WINDOWS\SYSTEM32\USERENV.dll
0x00007ff9393d0000 - 0x00007ff93947a000 	C:\WINDOWS\system32\ADVAPI32.dll
0x00007ff928b10000 - 0x00007ff928b2e000 	C:\WINDOWS\SYSTEM32\MPR.dll
0x00007ff937850000 - 0x00007ff937991000 	C:\WINDOWS\system32\RPCRT4.dll
0x00007ff938f20000 - 0x00007ff938f79000 	C:\WINDOWS\SYSTEM32\sechost.dll
0x00007ff937630000 - 0x00007ff937841000 	C:\WINDOWS\SYSTEM32\combase.dll
0x00007ff939560000 - 0x00007ff9396b1000 	C:\WINDOWS\system32\GDI32.dll
0x00007ff936b60000 - 0x00007ff936b75000 	C:\WINDOWS\SYSTEM32\profapi.dll
0x00007ff934ea0000 - 0x00007ff934f52000 	C:\WINDOWS\SYSTEM32\SHCORE.dll
0x00007ff938f80000 - 0x00007ff938fb6000 	C:\WINDOWS\system32\IMM32.DLL
0x00007ff9374d0000 - 0x00007ff937622000 	C:\WINDOWS\system32\MSCTF.dll
0x00007ff934630000 - 0x00007ff9348ab000 	C:\WINDOWS\WinSxS\amd64_microsoft.windows.common-controls_6595b64144ccf1df_6.0.9600.17784_none_624760d1ecb7236e\COMCTL32.dll
0x0000000069f20000 - 0x0000000069ff2000 	C:\Program Files\Java\jre1.8.0_40\bin\msvcr100.dll
0x00000000693f0000 - 0x0000000069c73000 	C:\Program Files\Java\jre1.8.0_40\bin\server\jvm.dll
0x00007ff928fc0000 - 0x00007ff928fc9000 	C:\WINDOWS\SYSTEM32\WSOCK32.dll
0x00007ff92b5a0000 - 0x00007ff92b5c2000 	C:\WINDOWS\SYSTEM32\WINMM.dll
0x00007ff930030000 - 0x00007ff93003a000 	C:\WINDOWS\SYSTEM32\VERSION.dll
0x00007ff939550000 - 0x00007ff939557000 	C:\WINDOWS\system32\PSAPI.DLL
0x00007ff938ec0000 - 0x00007ff938f1a000 	C:\WINDOWS\system32\WS2_32.dll
0x00007ff92b140000 - 0x00007ff92b16a000 	C:\WINDOWS\SYSTEM32\WINMMBASE.dll
0x00007ff937340000 - 0x00007ff937349000 	C:\WINDOWS\system32\NSI.dll
0x00007ff936c30000 - 0x00007ff936c7f000 	C:\WINDOWS\SYSTEM32\cfgmgr32.dll
0x00007ff935970000 - 0x00007ff935998000 	C:\WINDOWS\SYSTEM32\DEVOBJ.dll
0x000000006a0f0000 - 0x000000006a0ff000 	C:\Program Files\Java\jre1.8.0_40\bin\verify.dll
0x000000006a0c0000 - 0x000000006a0e9000 	C:\Program Files\Java\jre1.8.0_40\bin\java.dll
0x0000000069ee0000 - 0x0000000069f15000 	C:\Program Files\Java\jre1.8.0_40\bin\jdwp.dll
0x0000000069ed0000 - 0x0000000069ed8000 	C:\Program Files\Java\jre1.8.0_40\bin\npt.dll
0x000000006a0a0000 - 0x000000006a0b6000 	C:\Program Files\Java\jre1.8.0_40\bin\zip.dll
0x0000000069ec0000 - 0x0000000069ec9000 	C:\Program Files\Java\jre1.8.0_40\bin\dt_socket.dll
0x00007ff92a2c0000 - 0x00007ff92a2d5000 	C:\WINDOWS\system32\napinsp.dll
0x00007ff92a2e0000 - 0x00007ff92a2fa000 	C:\WINDOWS\system32\pnrpnsp.dll
0x00007ff932540000 - 0x00007ff93255b000 	C:\WINDOWS\system32\NLAapi.dll
0x00007ff936330000 - 0x00007ff936389000 	C:\WINDOWS\System32\mswsock.dll
0x00007ff936130000 - 0x00007ff9361d4000 	C:\WINDOWS\SYSTEM32\DNSAPI.dll
0x00007ff92a300000 - 0x00007ff92a30d000 	C:\WINDOWS\System32\winrnr.dll
0x00007ff92a310000 - 0x00007ff92a324000 	C:\WINDOWS\system32\wshbth.dll
0x00007ff931800000 - 0x00007ff93186b000 	C:\WINDOWS\System32\fwpuclnt.dll
0x00007ff92a9b0000 - 0x00007ff92a9ba000 	C:\Windows\System32\rasadhlp.dll
0x00007ff92f670000 - 0x00007ff92f7f9000 	C:\WINDOWS\SYSTEM32\dbghelp.dll

VM Arguments:
jvm_args: -agentlib:jdwp=transport=dt_socket,suspend=y,address=localhost:58464 -Dfile.encoding=Cp1252 
java_command: Usuario.Usuario
java_class_path (initial): C:\Users\Ramirez Gonçalves\Documents\GitHub\LTP3\AUTOINSTRUCIONAL\bin;C:\Users\Ramirez Gonçalves\Documents\FUMEC\LTP3\LISTAS_LTP3\src\LtpUtil.jar
Launcher Type: SUN_STANDARD

Environment Variables:
CLASSPATH=.;C:\Program Files (x86)\QuickTime\QTSystem\QTJava.zip
PATH=C:/Program Files/Java/jre1.8.0_40/bin/server;C:/Program Files/Java/jre1.8.0_40/bin;C:/Program Files/Java/jre1.8.0_40/lib/amd64;C:\ProgramData\Oracle\Java\javapath;C:\Program Files (x86)\Intel\iCLS Client\;C:\Program Files\Intel\iCLS Client\;C:\WINDOWS\system32;C:\WINDOWS;C:\WINDOWS\System32\Wbem;C:\WINDOWS\System32\WindowsPowerShell\v1.0\;C:\Program Files\Intel\Intel(R) Management Engine Components\DAL;C:\Program Files\Intel\Intel(R) Management Engine Components\IPT;C:\Program Files (x86)\Intel\Intel(R) Management Engine Components\DAL;C:\Program Files (x86)\Intel\Intel(R) Management Engine Components\IPT;C:\Program Files (x86)\Skype\Phone\;c:\Program Files (x86)\Microsoft SQL Server\100\Tools\Binn\;c:\Program Files\Microsoft SQL Server\100\Tools\Binn\;c:\Program Files\Microsoft SQL Server\100\DTS\Binn\;C:\Program Files (x86)\QuickTime\QTSystem\;C:\Program Files (x86)\eclipse;
USERNAME=Ramirez Gonçalves
OS=Windows_NT
PROCESSOR_IDENTIFIER=Intel64 Family 6 Model 69 Stepping 1, GenuineIntel



---------------  S Y S T E M  ---------------

OS: Windows 8.1 , 64 bit Build 9600 (6.3.9600.17415)

CPU:total 4 (2 cores per cpu, 2 threads per core) family 6 model 69 stepping 1, cmov, cx8, fxsr, mmx, sse, sse2, sse3, ssse3, sse4.1, sse4.2, popcnt, avx, avx2, aes, clmul, erms, lzcnt, ht, tsc, tscinvbit, bmi1, bmi2

Memory: 4k page, physical 4083992k(1629360k free), swap 5895436k(1202760k free)

vm_info: Java HotSpot(TM) 64-Bit Server VM (25.40-b25) for windows-amd64 JRE (1.8.0_40-b25), built on Feb 10 2015 21:53:57 by "java_re" with MS VC++ 10.0 (VS2010)

time: Wed May 20 20:45:39 2015
elapsed time: 3235 seconds (0d 0h 53m 55s)

